<?xml version="1.0" encoding="UTF-8" ?>
<beans xmlns="http://www.springframework.org/schema/beans"
       xmlns:xsi="http://www.w3.org/2001/XMLSchema-instance"
       xmlns:p="http://www.springframework.org/schema/p"
       xsi:schemaLocation="http://www.springframework.org/schema/beans
       http://www.springframework.org/schema/beans/spring-beans-3.1.xsd">
    <bean scope="prototype" id="testB" class="com.baobaotao.domain.TestB" p:name="aaaaa" init-method="init"
          destroy-method="destroy">
        <property name="age" value="20"/>
    </bean>
</beans>