<?xml version="1.0" encoding="UTF-8" ?>
<beans xmlns="http://www.springframework.org/schema/beans"
       xmlns:xsi="http://www.w3.org/2001/XMLSchema-instance"
       xmlns:p="http://www.springframework.org/schema/p"
       xsi:schemaLocation="http://www.springframework.org/schema/beans
       http://www.springframework.org/schema/beans/spring-beans-3.1.xsd">
    <bean scope="prototype" id="testB" class="com.baobaotao.domain.TestB" p:name="aaaaa" init-method="init"
          destroy-method="destroy">
        <property name="age" value="20"/>
    </bean>
    <bean id="customFactory" class="com.baobaotao.beanfactory.CustomFactory"/>
    <!--通过工厂的实例方法获取-->
    <bean id="testB1" class="com.baobaotao.domain.TestB" factory-bean="customFactory" factory-method="getTestB"/>
    <!--通过工厂的静态方法获取-->
    <bean id="testB2" class="com.baobaotao.beanfactory.CustomFactory" factory-method="getTestB1"/>

    <bean id="transactionManager" class="com.baobaotao.advice.TransactionManager"/>
    <bean id="forumServiceTarget" class="com.baobaotao.service.impl.ForumServiceImpl"/>
    <bean id="forumService" class="org.springframework.aop.framework.ProxyFactoryBean"
          p:interceptorNames="transactionManager"
          p:target-ref="forumServiceTarget"
          p:proxyTargetClass="true"/><!--使用CGLib代理-->

    <bean id="greetingBefore" class="com.baobaotao.advice.GreetingBeforeAdvice"/>
    <bean id="target" class="com.baobaotao.advice.impl.WaiterImpl"/>
    <bean id="waiter" class="org.springframework.aop.framework.ProxyFactoryBean"
          p:proxyInterfaces="com.baobaotao.advice.Waiter"
          p:target-ref="target"
          p:interceptorNames="greetingBefore"/>

    <bean id="waiterTarget" class="com.baobaotao.advisor.Waiter"/>
    <bean id="sellerTarget" class="com.baobaotao.advisor.Seller"/>
    <bean id="greetingAdvice" class="com.baobaotao.advisor.GreetingBeforeAdvice"/>
    <bean id="greetingAdvisor" class="com.baobaotao.advisor.GreetingAdvisor"
          p:advice-ref="greetingAdvice"/>
    <!--定义公共的配置信息-->
    <bean id="parent" abstract="true" class="org.springframework.aop.framework.ProxyFactoryBean"
          p:interceptorNames="greetingAdvisor"
          p:proxyTargetClass="true"/>
    <bean id="waiter1" parent="parent"
          p:target-ref="waiterTarget"/>
    <bean id="seller1" parent="parent"
          p:target-ref="sellerTarget"/>

    <!--表达式切点-->
    <bean id="regexpAdvisor" class="org.springframework.aop.support.RegexpMethodPointcutAdvisor"
          p:advice-ref="greetingAdvice">
        <property name="patterns">
            <list>
                <value>.*greet.*</value>
            </list>
        </property>
    </bean>
    <bean id="waiter2" class="org.springframework.aop.framework.ProxyFactoryBean"
          p:interceptorNames="regexpAdvisor"
          p:target-ref="waiterTarget"
          p:proxyTargetClass="true"/>
    <!--表达式切点结束-->

    <!--动态方法切点-->
    <bean id="dynamicAdvisor" class="org.springframework.aop.support.DefaultPointcutAdvisor">
        <property name="pointcut">
            <bean class="com.baobaotao.advisor.GreetingDynamicPointcut"/>
        </property>
        <property name="advice">
            <bean class="com.baobaotao.advisor.GreetingBeforeAdvice"/>
        </property>
    </bean>
    <bean id="waiter3" class="org.springframework.aop.framework.ProxyFactoryBean"
          p:interceptorNames="dynamicAdvisor"
          p:target-ref="waiterTarget"
          p:proxyTargetClass="true"/>
    <!--动态切点方法结束-->

    <!--流程切点-->
    <bean id="controlFlowPointcut" class="org.springframework.aop.support.ControlFlowPointcut">
        <!--指定流程切点的类-->
        <constructor-arg type="java.lang.Class" value="com.baobaotao.advisor.WaiterDelegate"/>
        <!--指定流程切点的方法-->
        <constructor-arg type="java.lang.String" value="service"/>
    </bean>
    <bean id="controlFlowAdvisor" class="org.springframework.aop.support.DefaultPointcutAdvisor"
          p:pointcut-ref="controlFlowPointcut"
          p:advice-ref="greetingAdvice"/>
    <bean id="waiter4" class="org.springframework.aop.framework.ProxyFactoryBean"
          p:interceptorNames="controlFlowAdvisor"
          p:target-ref="waiterTarget"
          p:proxyTargetClass="true"/>
    <!--流程切点结束-->

    <!--复合切点-->
    <bean id="gcp" class="com.baobaotao.advisor.GreetingComposablePointcut"/>
    <bean id="composableAdvisor" class="org.springframework.aop.support.DefaultPointcutAdvisor"
          p:pointcut="#{gcp.intersectionPointcut}"
          p:advice-ref="greetingAdvice"/>
    <bean id="waiter5" class="org.springframework.aop.framework.ProxyFactoryBean"
          p:interceptorNames="composableAdvisor" p:target-ref="waiterTarget" p:proxyTargetClass="true"/>
    <!--复合切点结束-->
</beans>