<?xml version="1.0" encoding="UTF-8" ?>
<beans xmlns="http://www.springframework.org/schema/beans"
       xmlns:xsi="http://www.w3.org/2001/XMLSchema-instance"
       xmlns:p="http://www.springframework.org/schema/p"
       xsi:schemaLocation="http://www.springframework.org/schema/beans
       http://www.springframework.org/schema/beans/spring-beans-3.1.xsd">
    <bean scope="prototype" id="testB" class="com.baobaotao.domain.TestB" p:name="aaaaa" init-method="init"
          destroy-method="destroy">
        <property name="age" value="20"/>
    </bean>
    <bean id="customFactory" class="com.baobaotao.beanfactory.CustomFactory"/>
    <!--通过工厂的实例方法获取-->
    <bean id="testB1" class="com.baobaotao.domain.TestB" factory-bean="customFactory" factory-method="getTestB"/>
    <!--通过工厂的静态方法获取-->
    <bean id="testB2" class="com.baobaotao.beanfactory.CustomFactory" factory-method="getTestB1"/>

    <bean id="greetingBefore" class="com.baobaotao.advice.GreetingBeforeAdvice"/>
    <bean id="target" class="com.baobaotao.advice.impl.WaiterImpl"/>
    <bean id="waiter" class="org.springframework.aop.framework.ProxyFactoryBean"
          p:proxyInterfaces="com.baobaotao.advice.Waiter"
          p:target-ref="target"
          p:interceptorNames="greetingBefore"/>
</beans>